Arguments: 
  C:\Program Files\nodejs\node.exe C:\Users\salek\AppData\Roaming\npm\node_modules\yarn\bin\yarn.js start

PATH: 
  C:\Python39\Scripts\;C:\Python39\;C:\Program Files (x86)\Common Files\Oracle\Java\javapath;C:\Program Files (x86)\Intel\Intel(R) Management Engine Components\iCLS\;C:\Program Files\Intel\Intel(R) Management Engine Components\iCLS\;C:\WINDOWS\system32;C:\WINDOWS;C:\WINDOWS\System32\Wbem;C:\WINDOWS\System32\WindowsPowerShell\v1.0\;C:\WINDOWS\System32\OpenSSH\;C:\Program Files (x86)\Intel\Intel(R) Management Engine Components\DAL;C:\Program Files\Intel\Intel(R) Management Engine Components\DAL;C:\Program Files (x86)\Intel\Intel(R) Management Engine Components\IPT;C:\Program Files\Intel\Intel(R) Management Engine Components\IPT;C:\Program Files\Git\cmd;C:\Program Files\Cmder;C:\wp-cli;C:\Users\Hp\AppData\Local\Programs\Microsoft VS Code;C:\ProgramData\chocolatey\bin;C:\Program Files\PuTTY\;C:\Program Files\nodejs\;C:\Users\salek\AppData\Local\Microsoft\WindowsApps;C:\Users\salek\AppData\Local\Programs\Microsoft VS Code\bin;C:\Users\salek\AppData\Roaming\npm

Yarn version: 
  1.22.17

Node version: 
  16.13.1

Platform: 
  win32 x64

Trace: 
  SyntaxError: C:\Users\salek\Desktop\projects\hapi_demo\package.json: Unexpected token o in JSON at position 182
      at JSON.parse (<anonymous>)
      at C:\Users\salek\AppData\Roaming\npm\node_modules\yarn\lib\cli.js:1625:59
      at Generator.next (<anonymous>)
      at step (C:\Users\salek\AppData\Roaming\npm\node_modules\yarn\lib\cli.js:310:30)
      at C:\Users\salek\AppData\Roaming\npm\node_modules\yarn\lib\cli.js:321:13

npm manifest: 
  {
    "name": "hapi_demo",
    "version": "1.0.0",
    "description": "",
    "main": "index.js",
    "scripts": {
        "test": "echo \"Error: no test specified\" && exit 1",
        "start": nodemon -e ts  --exec \"yarn run compile\"",
      "compile": "tsc && node ./dist/index.js"
    },
    "keywords": [],
    "author": "",
    "license": "ISC",
    "dependencies": {
      "@hapi/hapi": "^20.2.1"
    },
    "devDependencies": {
      "@types/hapi__hapi": "^20.0.10",
      "@types/node": "^17.0.6",
      "nodemon": "^2.0.15",
      "npm-run-all": "^4.1.5",
      "typescript": "^4.5.4"
    }
  }

yarn manifest: 
  No manifest

Lockfile: 
  No lockfile
